<?xml version="1.0" encoding="UTF-8"?>
<testng-results skipped="0" failed="1" total="2" passed="1">
  <reporter-output>
  </reporter-output>
  <suite name="Default suite" duration-ms="141038" started-at="2017-05-08T06:18:49Z" finished-at="2017-05-08T06:21:10Z">
    <groups>
    </groups>
    <test name="Default test" duration-ms="141038" started-at="2017-05-08T06:18:49Z" finished-at="2017-05-08T06:21:10Z">
      <class name="Tests.TestNGTest">
        <test-method status="PASS" signature="beforeMethod()[pri:0, instance:Tests.TestNGTest@1ed4004b]" name="beforeMethod" is-config="true" duration-ms="21580" started-at="2017-05-08T11:48:49Z" finished-at="2017-05-08T11:49:10Z">
          <reporter-output>
          </reporter-output>
        </test-method> <!-- beforeMethod -->
        <test-method status="PASS" signature="test1()[pri:0, instance:Tests.TestNGTest@1ed4004b]" name="test1" duration-ms="1655" started-at="2017-05-08T11:49:10Z" finished-at="2017-05-08T11:49:12Z">
          <reporter-output>
          </reporter-output>
        </test-method> <!-- test1 -->
        <test-method status="PASS" signature="afterMethod()[pri:0, instance:Tests.TestNGTest@1ed4004b]" name="afterMethod" is-config="true" duration-ms="2699" started-at="2017-05-08T11:49:12Z" finished-at="2017-05-08T11:49:15Z">
          <reporter-output>
          </reporter-output>
        </test-method> <!-- afterMethod -->
        <test-method status="PASS" signature="beforeMethod()[pri:0, instance:Tests.TestNGTest@1ed4004b]" name="beforeMethod" is-config="true" duration-ms="21030" started-at="2017-05-08T11:49:15Z" finished-at="2017-05-08T11:49:36Z">
          <reporter-output>
          </reporter-output>
        </test-method> <!-- beforeMethod -->
        <test-method status="FAIL" signature="test2()[pri:0, instance:Tests.TestNGTest@1ed4004b]" name="test2" duration-ms="91711" started-at="2017-05-08T11:49:36Z" finished-at="2017-05-08T11:51:07Z">
          <exception class="org.openqa.selenium.NoSuchElementException">
            <message>
              <![CDATA[An element could not be located on the page using the given search parameters. (WARNING: The server did not provide any stacktrace information)
Command duration or timeout: 80.11 seconds
For documentation on this error, please visit: http://seleniumhq.org/exceptions/no_such_element.html
Build info: version: '3.4.0', revision: 'unknown', time: 'unknown'
System info: host: 'Vinodhs-Mini', ip: '192.168.43.121', os.name: 'Mac OS X', os.arch: 'x86_64', os.version: '10.11.6', java.version: '1.8.0_131'
Driver info: io.appium.java_client.android.AndroidDriver
Capabilities [{app=/Users/vinodh/Downloads/WellsFargo.Echo.Droid.UI-Signed.apk, appPackage=WellsFargo.Echo.Droid.UI, deviceScreenSize=1440x2560, networkConnectionEnabled=true, warnings={}, appWaitPackage=WellsFargo.Echo.Droid.UI, appWaitActivity=md5458e402e1cdc2b2f87256235a2580abf.SplashScreen, databaseEnabled=false, deviceName=emulator-5554, platform=LINUX, deviceUDID=emulator-5554, appActivity=md5458e402e1cdc2b2f87256235a2580abf.SplashScreen, desired={app=/Users/vinodh/Downloads/WellsFargo.Echo.Droid.UI-Signed.apk, platformVersion=6.0, platformName=Android, deviceName=Nexus6P}, platformVersion=6.0, webStorageEnabled=false, locationContextEnabled=false, takesScreenshot=true, javascriptEnabled=true, deviceModel=Android SDK built for x86, platformName=Android, deviceManufacturer=unknown}]
Session ID: a6809b91-0c34-4554-a795-6d671963a4b7
*** Element info: {Using=id, value=WellsFargo.Echo.Droid.UI:id/surveyListView}]]>
            </message>
            <full-stacktrace>
              <![CDATA[org.openqa.selenium.NoSuchElementException: An element could not be located on the page using the given search parameters. (WARNING: The server did not provide any stacktrace information)
Command duration or timeout: 80.11 seconds
For documentation on this error, please visit: http://seleniumhq.org/exceptions/no_such_element.html
Build info: version: '3.4.0', revision: 'unknown', time: 'unknown'
System info: host: 'Vinodhs-Mini', ip: '192.168.43.121', os.name: 'Mac OS X', os.arch: 'x86_64', os.version: '10.11.6', java.version: '1.8.0_131'
Driver info: io.appium.java_client.android.AndroidDriver
Capabilities [{app=/Users/vinodh/Downloads/WellsFargo.Echo.Droid.UI-Signed.apk, appPackage=WellsFargo.Echo.Droid.UI, deviceScreenSize=1440x2560, networkConnectionEnabled=true, warnings={}, appWaitPackage=WellsFargo.Echo.Droid.UI, appWaitActivity=md5458e402e1cdc2b2f87256235a2580abf.SplashScreen, databaseEnabled=false, deviceName=emulator-5554, platform=LINUX, deviceUDID=emulator-5554, appActivity=md5458e402e1cdc2b2f87256235a2580abf.SplashScreen, desired={app=/Users/vinodh/Downloads/WellsFargo.Echo.Droid.UI-Signed.apk, platformVersion=6.0, platformName=Android, deviceName=Nexus6P}, platformVersion=6.0, webStorageEnabled=false, locationContextEnabled=false, takesScreenshot=true, javascriptEnabled=true, deviceModel=Android SDK built for x86, platformName=Android, deviceManufacturer=unknown}]
Session ID: a6809b91-0c34-4554-a795-6d671963a4b7
*** Element info: {Using=id, value=WellsFargo.Echo.Droid.UI:id/surveyListView}
	at sun.reflect.NativeConstructorAccessorImpl.newInstance0(Native Method)
	at sun.reflect.NativeConstructorAccessorImpl.newInstance(NativeConstructorAccessorImpl.java:62)
	at sun.reflect.DelegatingConstructorAccessorImpl.newInstance(DelegatingConstructorAccessorImpl.java:45)
	at java.lang.reflect.Constructor.newInstance(Constructor.java:423)
	at org.openqa.selenium.remote.ErrorHandler.createThrowable(ErrorHandler.java:215)
	at org.openqa.selenium.remote.ErrorHandler.throwIfResponseFailed(ErrorHandler.java:167)
	at org.openqa.selenium.remote.RemoteWebDriver.execute(RemoteWebDriver.java:671)
	at io.appium.java_client.DefaultGenericMobileDriver.execute(DefaultGenericMobileDriver.java:51)
	at io.appium.java_client.AppiumDriver.execute(AppiumDriver.java:1)
	at io.appium.java_client.android.AndroidDriver.execute(AndroidDriver.java:1)
	at org.openqa.selenium.remote.RemoteWebDriver.findElement(RemoteWebDriver.java:410)
	at io.appium.java_client.DefaultGenericMobileDriver.findElement(DefaultGenericMobileDriver.java:67)
	at io.appium.java_client.AppiumDriver.findElement(AppiumDriver.java:1)
	at io.appium.java_client.android.AndroidDriver.findElement(AndroidDriver.java:1)
	at org.openqa.selenium.remote.RemoteWebDriver.findElementById(RemoteWebDriver.java:453)
	at io.appium.java_client.DefaultGenericMobileDriver.findElementById(DefaultGenericMobileDriver.java:75)
	at io.appium.java_client.AppiumDriver.findElementById(AppiumDriver.java:1)
	at io.appium.java_client.android.AndroidDriver.findElementById(AndroidDriver.java:1)
	at Tests.TestNGTest.test2(TestNGTest.java:35)
	at sun.reflect.NativeMethodAccessorImpl.invoke0(Native Method)
	at sun.reflect.NativeMethodAccessorImpl.invoke(NativeMethodAccessorImpl.java:62)
	at sun.reflect.DelegatingMethodAccessorImpl.invoke(DelegatingMethodAccessorImpl.java:43)
	at java.lang.reflect.Method.invoke(Method.java:498)
	at org.testng.internal.MethodInvocationHelper.invokeMethod(MethodInvocationHelper.java:84)
	at org.testng.internal.Invoker.invokeMethod(Invoker.java:714)
	at org.testng.internal.Invoker.invokeTestMethod(Invoker.java:901)
	at org.testng.internal.Invoker.invokeTestMethods(Invoker.java:1231)
	at org.testng.internal.TestMethodWorker.invokeTestMethods(TestMethodWorker.java:127)
	at org.testng.internal.TestMethodWorker.run(TestMethodWorker.java:111)
	at org.testng.TestRunner.privateRun(TestRunner.java:767)
	at org.testng.TestRunner.run(TestRunner.java:617)
	at org.testng.SuiteRunner.runTest(SuiteRunner.java:348)
	at org.testng.SuiteRunner.runSequentially(SuiteRunner.java:343)
	at org.testng.SuiteRunner.privateRun(SuiteRunner.java:305)
	at org.testng.SuiteRunner.run(SuiteRunner.java:254)
	at org.testng.SuiteRunnerWorker.runSuite(SuiteRunnerWorker.java:52)
	at org.testng.SuiteRunnerWorker.run(SuiteRunnerWorker.java:86)
	at org.testng.TestNG.runSuitesSequentially(TestNG.java:1224)
	at org.testng.TestNG.runSuitesLocally(TestNG.java:1149)
	at org.testng.TestNG.run(TestNG.java:1057)
	at org.testng.remote.AbstractRemoteTestNG.run(AbstractRemoteTestNG.java:132)
	at org.testng.remote.RemoteTestNG.initAndRun(RemoteTestNG.java:230)
	at org.testng.remote.RemoteTestNG.main(RemoteTestNG.java:76)
]]>
            </full-stacktrace>
          </exception> <!-- org.openqa.selenium.NoSuchElementException -->
          <reporter-output>
          </reporter-output>
        </test-method> <!-- test2 -->
        <test-method status="PASS" signature="afterMethod()[pri:0, instance:Tests.TestNGTest@1ed4004b]" name="afterMethod" is-config="true" duration-ms="2340" started-at="2017-05-08T11:51:07Z" finished-at="2017-05-08T11:51:10Z">
          <reporter-output>
          </reporter-output>
        </test-method> <!-- afterMethod -->
      </class> <!-- Tests.TestNGTest -->
    </test> <!-- Default test -->
  </suite> <!-- Default suite -->
</testng-results>
